[  0%] Building CXX object CMakeFiles/libfastsim.dir/modules/libfastsim/src/display.cpp.o
In file included from /home/inodh/projects/LGP_adaptive_mutation_rates/modules/libfastsim/src/display.hpp:38,
                 from /home/inodh/projects/LGP_adaptive_mutation_rates/modules/libfastsim/src/display.cpp:22:
/home/inodh/projects/LGP_adaptive_mutation_rates/modules/libfastsim/src/map.hpp: In member function ‘fastsim::Map::status_t fastsim::Map::get_pixel(unsigned int, unsigned int) const’:
/home/inodh/projects/LGP_adaptive_mutation_rates/modules/libfastsim/src/map.hpp:101:26: warning: comparison of unsigned expression in ‘>= 0’ is always true [-Wtype-limits]
  101 |       return (y * _h + x >= 0 && y * _h + x < _data.size()) ?
      |               ~~~~~~~~~~~^~~~
/home/inodh/projects/LGP_adaptive_mutation_rates/modules/libfastsim/src/map.hpp: In member function ‘void fastsim::Map::set_pixel(unsigned int, unsigned int, status_t)’:
/home/inodh/projects/LGP_adaptive_mutation_rates/modules/libfastsim/src/map.hpp:107:22: warning: comparison of unsigned expression in ‘>= 0’ is always true [-Wtype-limits]
  107 |       if (y * _h + x >= 0 && y * _h + x < _data.size())
      |           ~~~~~~~~~~~^~~~
[  1%] Building CXX object CMakeFiles/libfastsim.dir/modules/libfastsim/src/laser.cpp.o
In file included from /home/inodh/projects/LGP_adaptive_mutation_rates/modules/libfastsim/src/laser.hpp:25,
                 from /home/inodh/projects/LGP_adaptive_mutation_rates/modules/libfastsim/src/laser.cpp:24:
/home/inodh/projects/LGP_adaptive_mutation_rates/modules/libfastsim/src/map.hpp: In member function ‘fastsim::Map::status_t fastsim::Map::get_pixel(unsigned int, unsigned int) const’:
/home/inodh/projects/LGP_adaptive_mutation_rates/modules/libfastsim/src/map.hpp:101:26: warning: comparison of unsigned expression in ‘>= 0’ is always true [-Wtype-limits]
  101 |       return (y * _h + x >= 0 && y * _h + x < _data.size()) ?
      |               ~~~~~~~~~~~^~~~
/home/inodh/projects/LGP_adaptive_mutation_rates/modules/libfastsim/src/map.hpp: In member function ‘void fastsim::Map::set_pixel(unsigned int, unsigned int, status_t)’:
/home/inodh/projects/LGP_adaptive_mutation_rates/modules/libfastsim/src/map.hpp:107:22: warning: comparison of unsigned expression in ‘>= 0’ is always true [-Wtype-limits]
  107 |       if (y * _h + x >= 0 && y * _h + x < _data.size())
      |           ~~~~~~~~~~~^~~~
[  2%] Building CXX object CMakeFiles/libfastsim.dir/modules/libfastsim/src/light_sensor.cpp.o
In file included from /home/inodh/projects/LGP_adaptive_mutation_rates/modules/libfastsim/src/light_sensor.hpp:6,
                 from /home/inodh/projects/LGP_adaptive_mutation_rates/modules/libfastsim/src/light_sensor.cpp:2:
/home/inodh/projects/LGP_adaptive_mutation_rates/modules/libfastsim/src/map.hpp: In member function ‘fastsim::Map::status_t fastsim::Map::get_pixel(unsigned int, unsigned int) const’:
/home/inodh/projects/LGP_adaptive_mutation_rates/modules/libfastsim/src/map.hpp:101:26: warning: comparison of unsigned expression in ‘>= 0’ is always true [-Wtype-limits]
  101 |       return (y * _h + x >= 0 && y * _h + x < _data.size()) ?
      |               ~~~~~~~~~~~^~~~
/home/inodh/projects/LGP_adaptive_mutation_rates/modules/libfastsim/src/map.hpp: In member function ‘void fastsim::Map::set_pixel(unsigned int, unsigned int, status_t)’:
/home/inodh/projects/LGP_adaptive_mutation_rates/modules/libfastsim/src/map.hpp:107:22: warning: comparison of unsigned expression in ‘>= 0’ is always true [-Wtype-limits]
  107 |       if (y * _h + x >= 0 && y * _h + x < _data.size())
      |           ~~~~~~~~~~~^~~~
[  2%] Building CXX object CMakeFiles/libfastsim.dir/modules/libfastsim/src/linear_camera.cpp.o
In file included from /home/inodh/projects/LGP_adaptive_mutation_rates/modules/libfastsim/src/linear_camera.hpp:6,
                 from /home/inodh/projects/LGP_adaptive_mutation_rates/modules/libfastsim/src/linear_camera.cpp:2:
/home/inodh/projects/LGP_adaptive_mutation_rates/modules/libfastsim/src/map.hpp: In member function ‘fastsim::Map::status_t fastsim::Map::get_pixel(unsigned int, unsigned int) const’:
/home/inodh/projects/LGP_adaptive_mutation_rates/modules/libfastsim/src/map.hpp:101:26: warning: comparison of unsigned expression in ‘>= 0’ is always true [-Wtype-limits]
  101 |       return (y * _h + x >= 0 && y * _h + x < _data.size()) ?
      |               ~~~~~~~~~~~^~~~
/home/inodh/projects/LGP_adaptive_mutation_rates/modules/libfastsim/src/map.hpp: In member function ‘void fastsim::Map::set_pixel(unsigned int, unsigned int, status_t)’:
/home/inodh/projects/LGP_adaptive_mutation_rates/modules/libfastsim/src/map.hpp:107:22: warning: comparison of unsigned expression in ‘>= 0’ is always true [-Wtype-limits]
  107 |       if (y * _h + x >= 0 && y * _h + x < _data.size())
      |           ~~~~~~~~~~~^~~~
[  3%] Building CXX object CMakeFiles/libfastsim.dir/modules/libfastsim/src/main.cpp.o
In file included from /home/inodh/projects/LGP_adaptive_mutation_rates/modules/libfastsim/src/laser.hpp:25,
                 from /home/inodh/projects/LGP_adaptive_mutation_rates/modules/libfastsim/src/fastsim.hpp:4,
                 from /home/inodh/projects/LGP_adaptive_mutation_rates/modules/libfastsim/src/main.cpp:20:
/home/inodh/projects/LGP_adaptive_mutation_rates/modules/libfastsim/src/map.hpp: In member function ‘fastsim::Map::status_t fastsim::Map::get_pixel(unsigned int, unsigned int) const’:
/home/inodh/projects/LGP_adaptive_mutation_rates/modules/libfastsim/src/map.hpp:101:26: warning: comparison of unsigned expression in ‘>= 0’ is always true [-Wtype-limits]
  101 |       return (y * _h + x >= 0 && y * _h + x < _data.size()) ?
      |               ~~~~~~~~~~~^~~~
/home/inodh/projects/LGP_adaptive_mutation_rates/modules/libfastsim/src/map.hpp: In member function ‘void fastsim::Map::set_pixel(unsigned int, unsigned int, status_t)’:
/home/inodh/projects/LGP_adaptive_mutation_rates/modules/libfastsim/src/map.hpp:107:22: warning: comparison of unsigned expression in ‘>= 0’ is always true [-Wtype-limits]
  107 |       if (y * _h + x >= 0 && y * _h + x < _data.size())
      |           ~~~~~~~~~~~^~~~
[  4%] Building CXX object CMakeFiles/libfastsim.dir/modules/libfastsim/src/map.cpp.o
In file included from /home/inodh/projects/LGP_adaptive_mutation_rates/modules/libfastsim/src/map.cpp:25:
/home/inodh/projects/LGP_adaptive_mutation_rates/modules/libfastsim/src/map.hpp: In member function ‘fastsim::Map::status_t fastsim::Map::get_pixel(unsigned int, unsigned int) const’:
/home/inodh/projects/LGP_adaptive_mutation_rates/modules/libfastsim/src/map.hpp:101:26: warning: comparison of unsigned expression in ‘>= 0’ is always true [-Wtype-limits]
  101 |       return (y * _h + x >= 0 && y * _h + x < _data.size()) ?
      |               ~~~~~~~~~~~^~~~
/home/inodh/projects/LGP_adaptive_mutation_rates/modules/libfastsim/src/map.hpp: In member function ‘void fastsim::Map::set_pixel(unsigned int, unsigned int, status_t)’:
/home/inodh/projects/LGP_adaptive_mutation_rates/modules/libfastsim/src/map.hpp:107:22: warning: comparison of unsigned expression in ‘>= 0’ is always true [-Wtype-limits]
  107 |       if (y * _h + x >= 0 && y * _h + x < _data.size())
      |           ~~~~~~~~~~~^~~~
[  4%] Building CXX object CMakeFiles/libfastsim.dir/modules/libfastsim/src/radar.cpp.o
In file included from /home/inodh/projects/LGP_adaptive_mutation_rates/modules/libfastsim/src/radar.hpp:6,
                 from /home/inodh/projects/LGP_adaptive_mutation_rates/modules/libfastsim/src/radar.cpp:2:
/home/inodh/projects/LGP_adaptive_mutation_rates/modules/libfastsim/src/map.hpp: In member function ‘fastsim::Map::status_t fastsim::Map::get_pixel(unsigned int, unsigned int) const’:
/home/inodh/projects/LGP_adaptive_mutation_rates/modules/libfastsim/src/map.hpp:101:26: warning: comparison of unsigned expression in ‘>= 0’ is always true [-Wtype-limits]
  101 |       return (y * _h + x >= 0 && y * _h + x < _data.size()) ?
      |               ~~~~~~~~~~~^~~~
/home/inodh/projects/LGP_adaptive_mutation_rates/modules/libfastsim/src/map.hpp: In member function ‘void fastsim::Map::set_pixel(unsigned int, unsigned int, status_t)’:
/home/inodh/projects/LGP_adaptive_mutation_rates/modules/libfastsim/src/map.hpp:107:22: warning: comparison of unsigned expression in ‘>= 0’ is always true [-Wtype-limits]
  107 |       if (y * _h + x >= 0 && y * _h + x < _data.size())
      |           ~~~~~~~~~~~^~~~
[  5%] Building CXX object CMakeFiles/libfastsim.dir/modules/libfastsim/src/robot.cpp.o
In file included from /home/inodh/projects/LGP_adaptive_mutation_rates/modules/libfastsim/src/robot.hpp:28,
                 from /home/inodh/projects/LGP_adaptive_mutation_rates/modules/libfastsim/src/robot.cpp:27:
/home/inodh/projects/LGP_adaptive_mutation_rates/modules/libfastsim/src/map.hpp: In member function ‘fastsim::Map::status_t fastsim::Map::get_pixel(unsigned int, unsigned int) const’:
/home/inodh/projects/LGP_adaptive_mutation_rates/modules/libfastsim/src/map.hpp:101:26: warning: comparison of unsigned expression in ‘>= 0’ is always true [-Wtype-limits]
  101 |       return (y * _h + x >= 0 && y * _h + x < _data.size()) ?
      |               ~~~~~~~~~~~^~~~
/home/inodh/projects/LGP_adaptive_mutation_rates/modules/libfastsim/src/map.hpp: In member function ‘void fastsim::Map::set_pixel(unsigned int, unsigned int, status_t)’:
/home/inodh/projects/LGP_adaptive_mutation_rates/modules/libfastsim/src/map.hpp:107:22: warning: comparison of unsigned expression in ‘>= 0’ is always true [-Wtype-limits]
  107 |       if (y * _h + x >= 0 && y * _h + x < _data.size())
      |           ~~~~~~~~~~~^~~~
[  6%] Building CXX object CMakeFiles/libfastsim.dir/modules/libfastsim/src/settings.cpp.o
In file included from /home/inodh/projects/LGP_adaptive_mutation_rates/modules/libfastsim/src/laser.hpp:25,
                 from /home/inodh/projects/LGP_adaptive_mutation_rates/modules/libfastsim/src/fastsim.hpp:4,
                 from /home/inodh/projects/LGP_adaptive_mutation_rates/modules/libfastsim/src/settings.cpp:1:
/home/inodh/projects/LGP_adaptive_mutation_rates/modules/libfastsim/src/map.hpp: In member function ‘fastsim::Map::status_t fastsim::Map::get_pixel(unsigned int, unsigned int) const’:
/home/inodh/projects/LGP_adaptive_mutation_rates/modules/libfastsim/src/map.hpp:101:26: warning: comparison of unsigned expression in ‘>= 0’ is always true [-Wtype-limits]
  101 |       return (y * _h + x >= 0 && y * _h + x < _data.size()) ?
      |               ~~~~~~~~~~~^~~~
/home/inodh/projects/LGP_adaptive_mutation_rates/modules/libfastsim/src/map.hpp: In member function ‘void fastsim::Map::set_pixel(unsigned int, unsigned int, status_t)’:
/home/inodh/projects/LGP_adaptive_mutation_rates/modules/libfastsim/src/map.hpp:107:22: warning: comparison of unsigned expression in ‘>= 0’ is always true [-Wtype-limits]
  107 |       if (y * _h + x >= 0 && y * _h + x < _data.size())
      |           ~~~~~~~~~~~^~~~
[  6%] Linking CXX static library liblibfastsim.a
[  6%] Built target libfastsim
[  6%] Building CXX object _deps/catch2-build/src/CMakeFiles/Catch2.dir/catch2/benchmark/catch_chronometer.cpp.o
[  7%] Building CXX object _deps/catch2-build/src/CMakeFiles/Catch2.dir/catch2/benchmark/detail/catch_benchmark_function.cpp.o
[  8%] Building CXX object _deps/catch2-build/src/CMakeFiles/Catch2.dir/catch2/benchmark/detail/catch_run_for_at_least.cpp.o
[  8%] Building CXX object _deps/catch2-build/src/CMakeFiles/Catch2.dir/catch2/benchmark/detail/catch_stats.cpp.o
[  9%] Building CXX object _deps/catch2-build/src/CMakeFiles/Catch2.dir/catch2/generators/catch_generator_exception.cpp.o
[ 10%] Building CXX object _deps/catch2-build/src/CMakeFiles/Catch2.dir/catch2/generators/catch_generators.cpp.o
[ 10%] Building CXX object _deps/catch2-build/src/CMakeFiles/Catch2.dir/catch2/generators/catch_generators_random.cpp.o
[ 11%] Building CXX object _deps/catch2-build/src/CMakeFiles/Catch2.dir/catch2/reporters/catch_reporter_automake.cpp.o
[ 12%] Building CXX object _deps/catch2-build/src/CMakeFiles/Catch2.dir/catch2/reporters/catch_reporter_common_base.cpp.o
[ 12%] Building CXX object _deps/catch2-build/src/CMakeFiles/Catch2.dir/catch2/reporters/catch_reporter_compact.cpp.o
[ 13%] Building CXX object _deps/catch2-build/src/CMakeFiles/Catch2.dir/catch2/reporters/catch_reporter_console.cpp.o
[ 14%] Building CXX object _deps/catch2-build/src/CMakeFiles/Catch2.dir/catch2/reporters/catch_reporter_cumulative_base.cpp.o
[ 14%] Building CXX object _deps/catch2-build/src/CMakeFiles/Catch2.dir/catch2/reporters/catch_reporter_event_listener.cpp.o
[ 15%] Building CXX object _deps/catch2-build/src/CMakeFiles/Catch2.dir/catch2/reporters/catch_reporter_helpers.cpp.o
[ 16%] Building CXX object _deps/catch2-build/src/CMakeFiles/Catch2.dir/catch2/reporters/catch_reporter_junit.cpp.o
[ 16%] Building CXX object _deps/catch2-build/src/CMakeFiles/Catch2.dir/catch2/reporters/catch_reporter_multi.cpp.o
[ 17%] Building CXX object _deps/catch2-build/src/CMakeFiles/Catch2.dir/catch2/reporters/catch_reporter_registrars.cpp.o
[ 18%] Building CXX object _deps/catch2-build/src/CMakeFiles/Catch2.dir/catch2/reporters/catch_reporter_sonarqube.cpp.o
[ 18%] Building CXX object _deps/catch2-build/src/CMakeFiles/Catch2.dir/catch2/reporters/catch_reporter_streaming_base.cpp.o
[ 19%] Building CXX object _deps/catch2-build/src/CMakeFiles/Catch2.dir/catch2/reporters/catch_reporter_tap.cpp.o
[ 20%] Building CXX object _deps/catch2-build/src/CMakeFiles/Catch2.dir/catch2/reporters/catch_reporter_teamcity.cpp.o
[ 20%] Building CXX object _deps/catch2-build/src/CMakeFiles/Catch2.dir/catch2/reporters/catch_reporter_xml.cpp.o
[ 21%] Building CXX object _deps/catch2-build/src/CMakeFiles/Catch2.dir/catch2/interfaces/catch_interfaces_capture.cpp.o
[ 22%] Building CXX object _deps/catch2-build/src/CMakeFiles/Catch2.dir/catch2/interfaces/catch_interfaces_config.cpp.o
[ 22%] Building CXX object _deps/catch2-build/src/CMakeFiles/Catch2.dir/catch2/interfaces/catch_interfaces_exception.cpp.o
[ 23%] Building CXX object _deps/catch2-build/src/CMakeFiles/Catch2.dir/catch2/interfaces/catch_interfaces_generatortracker.cpp.o
[ 24%] Building CXX object _deps/catch2-build/src/CMakeFiles/Catch2.dir/catch2/interfaces/catch_interfaces_registry_hub.cpp.o
[ 24%] Building CXX object _deps/catch2-build/src/CMakeFiles/Catch2.dir/catch2/interfaces/catch_interfaces_reporter.cpp.o
[ 25%] Building CXX object _deps/catch2-build/src/CMakeFiles/Catch2.dir/catch2/interfaces/catch_interfaces_reporter_factory.cpp.o
[ 26%] Building CXX object _deps/catch2-build/src/CMakeFiles/Catch2.dir/catch2/interfaces/catch_interfaces_testcase.cpp.o
[ 26%] Building CXX object _deps/catch2-build/src/CMakeFiles/Catch2.dir/catch2/catch_approx.cpp.o
[ 27%] Building CXX object _deps/catch2-build/src/CMakeFiles/Catch2.dir/catch2/catch_assertion_result.cpp.o
[ 28%] Building CXX object _deps/catch2-build/src/CMakeFiles/Catch2.dir/catch2/catch_config.cpp.o
[ 28%] Building CXX object _deps/catch2-build/src/CMakeFiles/Catch2.dir/catch2/catch_get_random_seed.cpp.o
[ 29%] Building CXX object _deps/catch2-build/src/CMakeFiles/Catch2.dir/catch2/catch_message.cpp.o
[ 30%] Building CXX object _deps/catch2-build/src/CMakeFiles/Catch2.dir/catch2/catch_registry_hub.cpp.o
[ 31%] Building CXX object _deps/catch2-build/src/CMakeFiles/Catch2.dir/catch2/catch_session.cpp.o
[ 31%] Building CXX object _deps/catch2-build/src/CMakeFiles/Catch2.dir/catch2/catch_tag_alias_autoregistrar.cpp.o
[ 32%] Building CXX object _deps/catch2-build/src/CMakeFiles/Catch2.dir/catch2/catch_test_case_info.cpp.o
[ 33%] Building CXX object _deps/catch2-build/src/CMakeFiles/Catch2.dir/catch2/catch_test_spec.cpp.o
[ 33%] Building CXX object _deps/catch2-build/src/CMakeFiles/Catch2.dir/catch2/catch_timer.cpp.o
[ 34%] Building CXX object _deps/catch2-build/src/CMakeFiles/Catch2.dir/catch2/catch_tostring.cpp.o
[ 35%] Building CXX object _deps/catch2-build/src/CMakeFiles/Catch2.dir/catch2/catch_totals.cpp.o
[ 35%] Building CXX object _deps/catch2-build/src/CMakeFiles/Catch2.dir/catch2/catch_translate_exception.cpp.o
[ 36%] Building CXX object _deps/catch2-build/src/CMakeFiles/Catch2.dir/catch2/catch_version.cpp.o
[ 37%] Building CXX object _deps/catch2-build/src/CMakeFiles/Catch2.dir/catch2/internal/catch_assertion_handler.cpp.o
[ 37%] Building CXX object _deps/catch2-build/src/CMakeFiles/Catch2.dir/catch2/internal/catch_case_insensitive_comparisons.cpp.o
[ 38%] Building CXX object _deps/catch2-build/src/CMakeFiles/Catch2.dir/catch2/internal/catch_clara.cpp.o
[ 39%] Building CXX object _deps/catch2-build/src/CMakeFiles/Catch2.dir/catch2/internal/catch_commandline.cpp.o
[ 39%] Building CXX object _deps/catch2-build/src/CMakeFiles/Catch2.dir/catch2/internal/catch_console_colour.cpp.o
[ 40%] Building CXX object _deps/catch2-build/src/CMakeFiles/Catch2.dir/catch2/internal/catch_context.cpp.o
[ 41%] Building CXX object _deps/catch2-build/src/CMakeFiles/Catch2.dir/catch2/internal/catch_debug_console.cpp.o
[ 41%] Building CXX object _deps/catch2-build/src/CMakeFiles/Catch2.dir/catch2/internal/catch_debugger.cpp.o
[ 42%] Building CXX object _deps/catch2-build/src/CMakeFiles/Catch2.dir/catch2/internal/catch_decomposer.cpp.o
[ 43%] Building CXX object _deps/catch2-build/src/CMakeFiles/Catch2.dir/catch2/internal/catch_enforce.cpp.o
[ 43%] Building CXX object _deps/catch2-build/src/CMakeFiles/Catch2.dir/catch2/internal/catch_enum_values_registry.cpp.o
[ 44%] Building CXX object _deps/catch2-build/src/CMakeFiles/Catch2.dir/catch2/internal/catch_errno_guard.cpp.o
[ 45%] Building CXX object _deps/catch2-build/src/CMakeFiles/Catch2.dir/catch2/internal/catch_exception_translator_registry.cpp.o
[ 45%] Building CXX object _deps/catch2-build/src/CMakeFiles/Catch2.dir/catch2/internal/catch_fatal_condition_handler.cpp.o
[ 46%] Building CXX object _deps/catch2-build/src/CMakeFiles/Catch2.dir/catch2/internal/catch_floating_point_helpers.cpp.o
[ 47%] Building CXX object _deps/catch2-build/src/CMakeFiles/Catch2.dir/catch2/internal/catch_getenv.cpp.o
[ 47%] Building CXX object _deps/catch2-build/src/CMakeFiles/Catch2.dir/catch2/internal/catch_istream.cpp.o
[ 48%] Building CXX object _deps/catch2-build/src/CMakeFiles/Catch2.dir/catch2/internal/catch_lazy_expr.cpp.o
[ 49%] Building CXX object _deps/catch2-build/src/CMakeFiles/Catch2.dir/catch2/internal/catch_leak_detector.cpp.o
[ 49%] Building CXX object _deps/catch2-build/src/CMakeFiles/Catch2.dir/catch2/internal/catch_list.cpp.o
[ 50%] Building CXX object _deps/catch2-build/src/CMakeFiles/Catch2.dir/catch2/internal/catch_message_info.cpp.o
[ 51%] Building CXX object _deps/catch2-build/src/CMakeFiles/Catch2.dir/catch2/internal/catch_output_redirect.cpp.o
[ 51%] Building CXX object _deps/catch2-build/src/CMakeFiles/Catch2.dir/catch2/internal/catch_parse_numbers.cpp.o
[ 52%] Building CXX object _deps/catch2-build/src/CMakeFiles/Catch2.dir/catch2/internal/catch_polyfills.cpp.o
[ 53%] Building CXX object _deps/catch2-build/src/CMakeFiles/Catch2.dir/catch2/internal/catch_random_number_generator.cpp.o
[ 53%] Building CXX object _deps/catch2-build/src/CMakeFiles/Catch2.dir/catch2/internal/catch_random_seed_generation.cpp.o
[ 54%] Building CXX object _deps/catch2-build/src/CMakeFiles/Catch2.dir/catch2/internal/catch_reporter_registry.cpp.o
[ 55%] Building CXX object _deps/catch2-build/src/CMakeFiles/Catch2.dir/catch2/internal/catch_reporter_spec_parser.cpp.o
[ 56%] Building CXX object _deps/catch2-build/src/CMakeFiles/Catch2.dir/catch2/internal/catch_result_type.cpp.o
[ 56%] Building CXX object _deps/catch2-build/src/CMakeFiles/Catch2.dir/catch2/internal/catch_reusable_string_stream.cpp.o
[ 57%] Building CXX object _deps/catch2-build/src/CMakeFiles/Catch2.dir/catch2/internal/catch_run_context.cpp.o
[ 58%] Building CXX object _deps/catch2-build/src/CMakeFiles/Catch2.dir/catch2/internal/catch_section.cpp.o
[ 58%] Building CXX object _deps/catch2-build/src/CMakeFiles/Catch2.dir/catch2/internal/catch_singletons.cpp.o
[ 59%] Building CXX object _deps/catch2-build/src/CMakeFiles/Catch2.dir/catch2/internal/catch_source_line_info.cpp.o
[ 60%] Building CXX object _deps/catch2-build/src/CMakeFiles/Catch2.dir/catch2/internal/catch_startup_exception_registry.cpp.o
[ 60%] Building CXX object _deps/catch2-build/src/CMakeFiles/Catch2.dir/catch2/internal/catch_stdstreams.cpp.o
[ 61%] Building CXX object _deps/catch2-build/src/CMakeFiles/Catch2.dir/catch2/internal/catch_string_manip.cpp.o
[ 62%] Building CXX object _deps/catch2-build/src/CMakeFiles/Catch2.dir/catch2/internal/catch_stringref.cpp.o
[ 62%] Building CXX object _deps/catch2-build/src/CMakeFiles/Catch2.dir/catch2/internal/catch_tag_alias_registry.cpp.o
[ 63%] Building CXX object _deps/catch2-build/src/CMakeFiles/Catch2.dir/catch2/internal/catch_test_case_info_hasher.cpp.o
[ 64%] Building CXX object _deps/catch2-build/src/CMakeFiles/Catch2.dir/catch2/internal/catch_test_case_registry_impl.cpp.o
[ 64%] Building CXX object _deps/catch2-build/src/CMakeFiles/Catch2.dir/catch2/internal/catch_test_case_tracker.cpp.o
[ 65%] Building CXX object _deps/catch2-build/src/CMakeFiles/Catch2.dir/catch2/internal/catch_test_failure_exception.cpp.o
[ 66%] Building CXX object _deps/catch2-build/src/CMakeFiles/Catch2.dir/catch2/internal/catch_test_registry.cpp.o
[ 66%] Building CXX object _deps/catch2-build/src/CMakeFiles/Catch2.dir/catch2/internal/catch_test_spec_parser.cpp.o
[ 67%] Building CXX object _deps/catch2-build/src/CMakeFiles/Catch2.dir/catch2/internal/catch_textflow.cpp.o
[ 68%] Building CXX object _deps/catch2-build/src/CMakeFiles/Catch2.dir/catch2/internal/catch_uncaught_exceptions.cpp.o
[ 68%] Building CXX object _deps/catch2-build/src/CMakeFiles/Catch2.dir/catch2/internal/catch_wildcard_pattern.cpp.o
[ 69%] Building CXX object _deps/catch2-build/src/CMakeFiles/Catch2.dir/catch2/internal/catch_xmlwriter.cpp.o
[ 70%] Building CXX object _deps/catch2-build/src/CMakeFiles/Catch2.dir/catch2/matchers/catch_matchers.cpp.o
[ 70%] Building CXX object _deps/catch2-build/src/CMakeFiles/Catch2.dir/catch2/matchers/catch_matchers_container_properties.cpp.o
[ 71%] Building CXX object _deps/catch2-build/src/CMakeFiles/Catch2.dir/catch2/matchers/catch_matchers_exception.cpp.o
[ 72%] Building CXX object _deps/catch2-build/src/CMakeFiles/Catch2.dir/catch2/matchers/catch_matchers_floating_point.cpp.o
[ 72%] Building CXX object _deps/catch2-build/src/CMakeFiles/Catch2.dir/catch2/matchers/catch_matchers_predicate.cpp.o
[ 73%] Building CXX object _deps/catch2-build/src/CMakeFiles/Catch2.dir/catch2/matchers/catch_matchers_quantifiers.cpp.o
[ 74%] Building CXX object _deps/catch2-build/src/CMakeFiles/Catch2.dir/catch2/matchers/catch_matchers_string.cpp.o
[ 74%] Building CXX object _deps/catch2-build/src/CMakeFiles/Catch2.dir/catch2/matchers/catch_matchers_templated.cpp.o
[ 75%] Building CXX object _deps/catch2-build/src/CMakeFiles/Catch2.dir/catch2/matchers/internal/catch_matchers_impl.cpp.o
[ 76%] Linking CXX static library libCatch2.a
[ 76%] Built target Catch2
[ 76%] Building CXX object _deps/catch2-build/src/CMakeFiles/Catch2WithMain.dir/catch2/internal/catch_main.cpp.o
[ 77%] Linking CXX static library libCatch2Main.a
[ 77%] Built target Catch2WithMain
[ 78%] Linking CXX static library libenv_fastsim.a
[ 78%] Built target env_fastsim
[ 79%] Building CXX object src/logging/CMakeFiles/logging.dir/storage/selection/selection_storage.cc.o
[ 80%] Building CXX object src/logging/CMakeFiles/logging.dir/storage/timing/timing_storage.cc.o
[ 80%] Building CXX object src/logging/CMakeFiles/logging.dir/storage/replacement/replacement_storage.cc.o
[ 81%] Building CXX object src/logging/CMakeFiles/logging.dir/storage/removal/removal_storage.cc.o
[ 82%] Building CXX object src/logging/CMakeFiles/logging.dir/loggers/selection/selection_logger.cc.o
[ 82%] Building CXX object src/logging/CMakeFiles/logging.dir/loggers/timing/timing_logger.cc.o
[ 83%] Building CXX object src/logging/CMakeFiles/logging.dir/loggers/replacement/replacement_logger.cc.o
[ 84%] Building CXX object src/logging/CMakeFiles/logging.dir/loggers/removal/removal_logger.cc.o
[ 84%] Building CXX object src/logging/CMakeFiles/logging.dir/metrics/selection/selection_metrics.cc.o
[ 85%] Building CXX object src/logging/CMakeFiles/logging.dir/metrics/selection/selection_metrics_builder.cc.o
[ 86%] Building CXX object src/logging/CMakeFiles/logging.dir/metrics/timing/timing_metrics.cc.o
[ 86%] Building CXX object src/logging/CMakeFiles/logging.dir/metrics/timing/timing_metrics_builder.cc.o
[ 87%] Building CXX object src/logging/CMakeFiles/logging.dir/metrics/replacement/replacement_metrics_builder.cc.o
[ 88%] Building CXX object src/logging/CMakeFiles/logging.dir/metrics/removal/removal_metrics_builder.cc.o
[ 89%] Linking CXX static library liblogging.a
[ 89%] Built target logging
[ 90%] Building CXX object src/engine/CMakeFiles/engine.dir/RegisterMachine.cc.o
/home/inodh/projects/LGP_adaptive_mutation_rates/src/engine/RegisterMachine.cc: In member function ‘void RegisterMachine::PrintInstructions(bool) const’:
/home/inodh/projects/LGP_adaptive_mutation_rates/src/engine/RegisterMachine.cc:305:27: warning: comparison of integer expressions of different signedness: ‘int’ and ‘const size_t’ {aka ‘const long unsigned int’} [-Wsign-compare]
  305 |         for (int t = 0; t < MemoryEigen::kNumMemoryType_; ++t) {
      |                         ~~^~~~~~~~~~~~~~~~~~~~~~~~~~~~~~
/home/inodh/projects/LGP_adaptive_mutation_rates/src/engine/RegisterMachine.cc: In member function ‘void RegisterMachine::MarkIntrons(std::unordered_map<std::__cxx11::basic_string<char>, std::any>&, int)’:
/home/inodh/projects/LGP_adaptive_mutation_rates/src/engine/RegisterMachine.cc:930:30: warning: comparison of integer expressions of different signedness: ‘int’ and ‘const size_t’ {aka ‘const long unsigned int’} [-Wsign-compare]
  930 |    for (int mem_t = 0; mem_t < MemoryEigen::kNumMemoryType_; ++mem_t) {
      |                        ~~~~~~^~~~~~~~~~~~~~~~~~~~~~~~~~~~~~
[ 90%] Building CXX object src/engine/CMakeFiles/engine.dir/TPG.cc.o
/home/inodh/projects/LGP_adaptive_mutation_rates/src/engine/TPG.cc: In member function ‘void TPG::printGraphDotMujoco(long int, std::set<team*>&)’:
/home/inodh/projects/LGP_adaptive_mutation_rates/src/engine/TPG.cc:2233:20: warning: ignoring return value of ‘int system(const char*)’ declared with attribute ‘warn_unused_result’ [-Wunused-result]
 2233 |         std::system(cmd.c_str());
      |         ~~~~~~~~~~~^~~~~~~~~~~~~
/home/inodh/projects/LGP_adaptive_mutation_rates/src/engine/TPG.cc: In member function ‘void TPG::printGraphDotMujocoVisited(long int, std::set<team*>&)’:
/home/inodh/projects/LGP_adaptive_mutation_rates/src/engine/TPG.cc:2331:20: warning: ignoring return value of ‘int system(const char*)’ declared with attribute ‘warn_unused_result’ [-Wunused-result]
 2331 |         std::system(cmd.c_str());
      |         ~~~~~~~~~~~^~~~~~~~~~~~~
[ 91%] Building CXX object src/engine/CMakeFiles/engine.dir/hebbian.cc.o
[ 92%] Building CXX object src/engine/CMakeFiles/engine.dir/instruction.cc.o
[ 92%] Building CXX object src/engine/CMakeFiles/engine.dir/misc.cc.o
[ 93%] Building CXX object src/engine/CMakeFiles/engine.dir/point.cc.o
[ 94%] Building CXX object src/engine/CMakeFiles/engine.dir/sequence_comparisons.cc.o
[ 94%] Building CXX object src/engine/CMakeFiles/engine.dir/team.cc.o
/home/inodh/projects/LGP_adaptive_mutation_rates/src/engine/team.cc: In member function ‘void team::GetAction(EvalData&, std::mt19937&, std::unordered_map<std::__cxx11::basic_string<char>, std::any>&, std::tuple<long int, double, double>&)’:
/home/inodh/projects/LGP_adaptive_mutation_rates/src/engine/team.cc:868:12: warning: unused variable ‘id’ [-Wunused-variable]
  868 |       long id = members_run_[std::get<0>(curr_program_info)]->id_;
      |            ^~
[ 95%] Linking CXX static library libengine.a
[ 95%] Built target engine
[ 96%] Building CXX object src/experiments/CMakeFiles/TPGExperimentMPI.dir/__/environments/TaskEnvFactory.cc.o
In file included from /home/inodh/projects/LGP_adaptive_mutation_rates/modules/libfastsim/src/laser.hpp:25,
                 from /home/inodh/projects/LGP_adaptive_mutation_rates/modules/libfastsim/src/fastsim.hpp:4,
                 from /home/inodh/projects/LGP_adaptive_mutation_rates/src/environments/fastsim/FastSimEnvironment.h:4,
                 from /home/inodh/projects/LGP_adaptive_mutation_rates/src/environments/fastsim/FastSim_Maze.h:4,
                 from /home/inodh/projects/LGP_adaptive_mutation_rates/src/environments/TaskEnvFactory.cc:15:
/home/inodh/projects/LGP_adaptive_mutation_rates/modules/libfastsim/src/map.hpp: In member function ‘fastsim::Map::status_t fastsim::Map::get_pixel(unsigned int, unsigned int) const’:
/home/inodh/projects/LGP_adaptive_mutation_rates/modules/libfastsim/src/map.hpp:101:26: warning: comparison of unsigned expression in ‘>= 0’ is always true [-Wtype-limits]
  101 |       return (y * _h + x >= 0 && y * _h + x < _data.size()) ?
      |               ~~~~~~~~~~~^~~~
/home/inodh/projects/LGP_adaptive_mutation_rates/modules/libfastsim/src/map.hpp: In member function ‘void fastsim::Map::set_pixel(unsigned int, unsigned int, status_t)’:
/home/inodh/projects/LGP_adaptive_mutation_rates/modules/libfastsim/src/map.hpp:107:22: warning: comparison of unsigned expression in ‘>= 0’ is always true [-Wtype-limits]
  107 |       if (y * _h + x >= 0 && y * _h + x < _data.size())
      |           ~~~~~~~~~~~^~~~
/home/inodh/projects/LGP_adaptive_mutation_rates/src/environments/fastsim/FastSim_Maze.h: In member function ‘virtual TaskEnv::Results FastSim_Maze::sim_step(std::vector<double>&)’:
/home/inodh/projects/LGP_adaptive_mutation_rates/src/environments/fastsim/FastSim_Maze.h:280:28: warning: ignoring return value of ‘int system(const char*)’ declared with attribute ‘warn_unused_result’ [-Wunused-result]
  280 |                 std::system(cmd.c_str());
      |                 ~~~~~~~~~~~^~~~~~~~~~~~~
[ 96%] Building CXX object src/experiments/CMakeFiles/TPGExperimentMPI.dir/TPGExperimentMPI.cc.o
In file included from /home/inodh/projects/LGP_adaptive_mutation_rates/modules/libfastsim/src/laser.hpp:25,
                 from /home/inodh/projects/LGP_adaptive_mutation_rates/modules/libfastsim/src/fastsim.hpp:4,
                 from /home/inodh/projects/LGP_adaptive_mutation_rates/src/experiments/evaluators/evaluators_maze.h:5,
                 from /home/inodh/projects/LGP_adaptive_mutation_rates/src/experiments/../engine/tpg_eval_mpi.h:17,
                 from /home/inodh/projects/LGP_adaptive_mutation_rates/src/experiments/runners/experiment_runner.h:4,
                 from /home/inodh/projects/LGP_adaptive_mutation_rates/src/experiments/TPGExperimentMPI.cc:4:
/home/inodh/projects/LGP_adaptive_mutation_rates/modules/libfastsim/src/map.hpp: In member function ‘fastsim::Map::status_t fastsim::Map::get_pixel(unsigned int, unsigned int) const’:
/home/inodh/projects/LGP_adaptive_mutation_rates/modules/libfastsim/src/map.hpp:101:26: warning: comparison of unsigned expression in ‘>= 0’ is always true [-Wtype-limits]
  101 |       return (y * _h + x >= 0 && y * _h + x < _data.size()) ?
      |               ~~~~~~~~~~~^~~~
/home/inodh/projects/LGP_adaptive_mutation_rates/modules/libfastsim/src/map.hpp: In member function ‘void fastsim::Map::set_pixel(unsigned int, unsigned int, status_t)’:
/home/inodh/projects/LGP_adaptive_mutation_rates/modules/libfastsim/src/map.hpp:107:22: warning: comparison of unsigned expression in ‘>= 0’ is always true [-Wtype-limits]
  107 |       if (y * _h + x >= 0 && y * _h + x < _data.size())
      |           ~~~~~~~~~~~^~~~
[ 97%] Building CXX object src/experiments/CMakeFiles/TPGExperimentMPI.dir/api_client.cc.o
[ 98%] Building CXX object src/experiments/CMakeFiles/TPGExperimentMPI.dir/evaluators/EvalData.cc.o
[ 99%] Building CXX object src/experiments/CMakeFiles/TPGExperimentMPI.dir/runners/replay_runner.cc.o
In file included from /home/inodh/projects/LGP_adaptive_mutation_rates/modules/libfastsim/src/laser.hpp:25,
                 from /home/inodh/projects/LGP_adaptive_mutation_rates/modules/libfastsim/src/fastsim.hpp:4,
                 from /home/inodh/projects/LGP_adaptive_mutation_rates/src/experiments/evaluators/evaluators_maze.h:5,
                 from /home/inodh/projects/LGP_adaptive_mutation_rates/src/experiments/../engine/tpg_eval_mpi.h:17,
                 from /home/inodh/projects/LGP_adaptive_mutation_rates/src/experiments/runners/experiment_runner.h:4,
                 from /home/inodh/projects/LGP_adaptive_mutation_rates/src/experiments/runners/replay_runner.h:5,
                 from /home/inodh/projects/LGP_adaptive_mutation_rates/src/experiments/runners/replay_runner.cc:1:
/home/inodh/projects/LGP_adaptive_mutation_rates/modules/libfastsim/src/map.hpp: In member function ‘fastsim::Map::status_t fastsim::Map::get_pixel(unsigned int, unsigned int) const’:
/home/inodh/projects/LGP_adaptive_mutation_rates/modules/libfastsim/src/map.hpp:101:26: warning: comparison of unsigned expression in ‘>= 0’ is always true [-Wtype-limits]
  101 |       return (y * _h + x >= 0 && y * _h + x < _data.size()) ?
      |               ~~~~~~~~~~~^~~~
/home/inodh/projects/LGP_adaptive_mutation_rates/modules/libfastsim/src/map.hpp: In member function ‘void fastsim::Map::set_pixel(unsigned int, unsigned int, status_t)’:
/home/inodh/projects/LGP_adaptive_mutation_rates/modules/libfastsim/src/map.hpp:107:22: warning: comparison of unsigned expression in ‘>= 0’ is always true [-Wtype-limits]
  107 |       if (y * _h + x >= 0 && y * _h + x < _data.size())
      |           ~~~~~~~~~~~^~~~
[ 99%] Building CXX object src/experiments/CMakeFiles/TPGExperimentMPI.dir/runners/training_runner.cc.o
In file included from /home/inodh/projects/LGP_adaptive_mutation_rates/modules/libfastsim/src/laser.hpp:25,
                 from /home/inodh/projects/LGP_adaptive_mutation_rates/modules/libfastsim/src/fastsim.hpp:4,
                 from /home/inodh/projects/LGP_adaptive_mutation_rates/src/experiments/evaluators/evaluators_maze.h:5,
                 from /home/inodh/projects/LGP_adaptive_mutation_rates/src/experiments/../engine/tpg_eval_mpi.h:17,
                 from /home/inodh/projects/LGP_adaptive_mutation_rates/src/experiments/runners/experiment_runner.h:4,
                 from /home/inodh/projects/LGP_adaptive_mutation_rates/src/experiments/runners/training_runner.h:5,
                 from /home/inodh/projects/LGP_adaptive_mutation_rates/src/experiments/runners/training_runner.cc:1:
/home/inodh/projects/LGP_adaptive_mutation_rates/modules/libfastsim/src/map.hpp: In member function ‘fastsim::Map::status_t fastsim::Map::get_pixel(unsigned int, unsigned int) const’:
/home/inodh/projects/LGP_adaptive_mutation_rates/modules/libfastsim/src/map.hpp:101:26: warning: comparison of unsigned expression in ‘>= 0’ is always true [-Wtype-limits]
  101 |       return (y * _h + x >= 0 && y * _h + x < _data.size()) ?
      |               ~~~~~~~~~~~^~~~
/home/inodh/projects/LGP_adaptive_mutation_rates/modules/libfastsim/src/map.hpp: In member function ‘void fastsim::Map::set_pixel(unsigned int, unsigned int, status_t)’:
/home/inodh/projects/LGP_adaptive_mutation_rates/modules/libfastsim/src/map.hpp:107:22: warning: comparison of unsigned expression in ‘>= 0’ is always true [-Wtype-limits]
  107 |       if (y * _h + x >= 0 && y * _h + x < _data.size())
      |           ~~~~~~~~~~~^~~~
[100%] Linking CXX executable ../../release/experiments/TPGExperimentMPI
[100%] Built target TPGExperimentMPI
