-- The C compiler identification is GNU 13.3.0
-- The CXX compiler identification is GNU 13.3.0
-- Detecting C compiler ABI info
-- Detecting C compiler ABI info - done
-- Check for working C compiler: /usr/bin/cc - skipped
-- Detecting C compile features
-- Detecting C compile features - done
-- Detecting CXX compiler ABI info
-- Detecting CXX compiler ABI info - done
-- Check for working CXX compiler: /usr/bin/c++ - skipped
-- Detecting CXX compile features
-- Detecting CXX compile features - done
-- Found MPI_C: /usr/lib/x86_64-linux-gnu/openmpi/lib/libmpi.so (found version "3.1") 
-- Found MPI_CXX: /usr/lib/x86_64-linux-gnu/openmpi/lib/libmpi_cxx.so (found version "3.1") 
-- Found MPI: TRUE (found version "3.1")  
-- Found Boost: /usr/lib/x86_64-linux-gnu/cmake/Boost-1.83.0/BoostConfig.cmake (found version "1.83.0") found components: system thread mpi serialization iostreams 
-- Found CURL: /usr/lib/x86_64-linux-gnu/libcurl.so (found version "8.5.0")  
-- Found OpenGL: /usr/lib/x86_64-linux-gnu/libOpenGL.so   
-- Found GLEW: /usr/include (found version "2.2.0") 
-- Performing Test HAVE_FLAG__ffile_prefix_map__home_inodh_projects_LGP_adaptive_mutation_rates_build__deps_catch2_src__
-- Performing Test HAVE_FLAG__ffile_prefix_map__home_inodh_projects_LGP_adaptive_mutation_rates_build__deps_catch2_src__ - Success
-- Configuring done (15.1s)
-- Generating done (0.0s)
-- Build files have been written to: /home/inodh/projects/LGP_adaptive_mutation_rates/build
